<?xml version="1.0" encoding="UTF-8"?>
<Site BuildName="(empty)"
	BuildStamp="20210511-1821-Experimental"
	Name="(empty)"
	Generator="ctest-3.17.0"
	CompilerName=""
	CompilerVersion=""
	OSName="macOS"
	Hostname="Samuels-MBP.lan"
	OSRelease="11.3.1"
	OSVersion="20E241"
	OSPlatform="x86_64"
	Is64Bits="1"
	VendorString="GenuineIntel"
	VendorID="Intel Corporation"
	FamilyID="6"
	ModelID="142"
	ProcessorCacheSize="32768"
	NumberOfLogicalCPU="4"
	NumberOfPhysicalCPU="2"
	TotalVirtualMemory="5120"
	TotalPhysicalMemory="8192"
	LogicalProcessorsPerPhysical="8"
	ProcessorClockFrequency="2300"
	>
	<Testing>
		<StartDateTime>May 11 11:21 PDT</StartDateTime>
		<StartTestTime>1620757299</StartTestTime>
		<TestList/>
		<EndDateTime>May 11 11:21 PDT</EndDateTime>
		<EndTestTime>1620757299</EndTestTime>
		<ElapsedMinutes>0</ElapsedMinutes>
	</Testing>
</Site>
